<?xml version="1.0" encoding="UTF-8"?>
<testsuites name="Sample_TestSuite" time="34.354" tests="1" failures="0" errors="0">
   <testsuite name="Sample_TestSuite" tests="1" failures="0" errors="0" time="34.354" skipped="0" timestamp="2021-12-29 21:20:01" hostname="HP - LAPTOP-EDP04F0V" id="Test Suites/Sample_TestSuite">
      <properties>
         <property name="deviceName" value=""/>
         <property name="devicePlatform" value=""/>
         <property name="logFolder" value="C:\\Users\\HP\\Katalon Studio\\Project_1\\Reports\\20211229_211924\\Sample_TestSuite\\20211229_211930"/>
         <property name="logFiles" value="C:\\Users\\HP\\Katalon Studio\\Project_1\\Reports\\20211229_211924\\Sample_TestSuite\\20211229_211930\\execution0.log"/>
         <property name="attachments" value=""/>
         <property name="hostName" value="HP - LAPTOP-EDP04F0V"/>
         <property name="os" value="Windows 10 64bit"/>
         <property name="katalonVersion" value="8.2.0.208"/>
         <property name="browser" value="Chrome 96.0.4664.110"/>
         <property name="hostAddress" value="192.168.56.1"/>
         <property name="sessionId" value="faba33dd77dba07928cd41d1ea51b82d"/>
         <property name="seleniumVersion" value="3.141.59"/>
         <property name="proxyInformation" value="ProxyInformation { proxyOption=NO_PROXY, proxyServerType=HTTP, username=, password=********, proxyServerAddress=, proxyServerPort=0, executionList=&quot;&quot;, isApplyToDesiredCapabilities=true }"/>
         <property name="platform" value="Windows 10"/>
      </properties>
      <testcase name="Test Cases/Sample_TestCase" time="34.018" classname="Test Cases/Sample_TestCase" status="PASSED">
         <system-out><![CDATA[2021-12-29 21:20:01 - [TEST_CASE][PASSED] - Test Cases/Sample_TestCase: Test Cases/Sample_TestCase

2021-12-29 21:20:02 - [TEST_STEP][PASSED] - openBrowser(""): Browser is opened with url: ''

2021-12-29 21:20:02 - [MESSAGE][INFO] - Starting 'Chrome' driver

2021-12-29 21:20:02 - [MESSAGE][INFO] - Action delay is set to 0 milliseconds

2021-12-29 21:20:04 - [MESSAGE][PASSED] - Browser is opened with url: ''

2021-12-29 21:20:04 - [TEST_STEP][PASSED] - navigateToUrl("https://hfx-cadence.cs197.force.com/UnifiedSSO/CadenceApplicationLoginScreen?appcode=cos&langcode=en"): Navigate to 'https://hfx-cadence.cs197.force.com/UnifiedSSO/CadenceApplicationLoginScreen?appcode=cos&langcode=en' successfully

2021-12-29 21:20:08 - [MESSAGE][PASSED] - Navigate to 'https://hfx-cadence.cs197.force.com/UnifiedSSO/CadenceApplicationLoginScreen?appcode=cos&langcode=en' successfully

2021-12-29 21:20:08 - [TEST_STEP][PASSED] - setText(findTestObject("Object Repository/Sample_TestCase_OR/Page_Cadence Login/input_Academic users please contact_pgIdfrm_d5fe3a"), Username): Text 'auto_swhostiduser1.en@cssotest.com' is set on object 'Object Repository/Sample_TestCase_OR/Page_Cadence Login/input_Academic users please contact_pgIdfrm_d5fe3a'

2021-12-29 21:20:11 - [MESSAGE][PASSED] - Text 'auto_swhostiduser1.en@cssotest.com' is set on object 'Object Repository/Sample_TestCase_OR/Page_Cadence Login/input_Academic users please contact_pgIdfrm_d5fe3a'

2021-12-29 21:20:11 - [TEST_STEP][PASSED] - setText(findTestObject("Object Repository/Sample_TestCase_OR/Page_Cadence Login/input_Academic users please contact_pgIdfrm_44e477"), Password): Text 'Cadence123' is set on object 'Object Repository/Sample_TestCase_OR/Page_Cadence Login/input_Academic users please contact_pgIdfrm_44e477'

2021-12-29 21:20:12 - [MESSAGE][PASSED] - Text 'Cadence123' is set on object 'Object Repository/Sample_TestCase_OR/Page_Cadence Login/input_Academic users please contact_pgIdfrm_44e477'

2021-12-29 21:20:12 - [TEST_STEP][PASSED] - click(findTestObject("Object Repository/Sample_TestCase_OR/Page_Cadence Login/input_Terms of Use_pgIdfrmIdj_id114")): Object: 'Object Repository/Sample_TestCase_OR/Page_Cadence Login/input_Terms of Use_pgIdfrmIdj_id114' is clicked on

2021-12-29 21:20:30 - [MESSAGE][PASSED] - Object: 'Object Repository/Sample_TestCase_OR/Page_Cadence Login/input_Terms of Use_pgIdfrmIdj_id114' is clicked on

2021-12-29 21:20:30 - [TEST_STEP][PASSED] - click(findTestObject("Object Repository/Sample_TestCase_OR/Page_Support Home/img_Account Validation Alert_img img-respon_9637b2")): Object: 'Object Repository/Sample_TestCase_OR/Page_Support Home/img_Account Validation Alert_img img-respon_9637b2' is clicked on

2021-12-29 21:20:33 - [MESSAGE][PASSED] - Object: 'Object Repository/Sample_TestCase_OR/Page_Support Home/img_Account Validation Alert_img img-respon_9637b2' is clicked on

2021-12-29 21:20:33 - [TEST_STEP][PASSED] - verifyElementVisible(findTestObject("Sample_TestCase_OR/Page_Support Home/div_My Account (1)")): Object 'Object Repository/Sample_TestCase_OR/Page_Support Home/div_My Account (1)' is visible

2021-12-29 21:20:34 - [MESSAGE][PASSED] - Object 'Object Repository/Sample_TestCase_OR/Page_Support Home/div_My Account (1)' is visible

2021-12-29 21:20:34 - [TEST_STEP][PASSED] - closeBrowser(): Browser is closed

2021-12-29 21:20:35 - [MESSAGE][PASSED] - Browser is closed]]></system-out>
         <system-err><![CDATA[]]></system-err>
      </testcase>
      <system-out><![CDATA[2021-12-29 21:20:01 - [TEST_SUITE][PASSED] - Sample_TestSuite: Test Cases/Sample_TestCase]]></system-out>
      <system-err><![CDATA[]]></system-err>
   </testsuite>
</testsuites>
