<?xml version="1.0" encoding="UTF-8"?>
<testsuites name="Sample_TestSuite" time="63.409" tests="2" failures="0" errors="0">
   <testsuite name="Sample_TestSuite" tests="2" failures="0" errors="0" time="63.409" skipped="0" timestamp="2021-12-29 20:48:26" hostname="HP - LAPTOP-EDP04F0V" id="Test Suites/Sample_TestSuite">
      <properties>
         <property name="deviceName" value=""/>
         <property name="devicePlatform" value=""/>
         <property name="logFolder" value="C:\\Users\\HP\\Katalon Studio\\Project_1\\Reports\\20211229_204756\\Sample_TestSuite\\20211229_204801"/>
         <property name="logFiles" value="C:\\Users\\HP\\Katalon Studio\\Project_1\\Reports\\20211229_204756\\Sample_TestSuite\\20211229_204801\\execution0.log"/>
         <property name="attachments" value=""/>
         <property name="hostName" value="HP - LAPTOP-EDP04F0V"/>
         <property name="os" value="Windows 10 64bit"/>
         <property name="katalonVersion" value="8.2.0.208"/>
         <property name="browser" value="Chrome 96.0.4664.110"/>
         <property name="hostAddress" value="192.168.56.1"/>
         <property name="sessionId" value="60b4778c65334c725ffb7451faae5ed4"/>
         <property name="seleniumVersion" value="3.141.59"/>
         <property name="proxyInformation" value="ProxyInformation { proxyOption=NO_PROXY, proxyServerType=HTTP, username=, password=********, proxyServerAddress=, proxyServerPort=0, executionList=&quot;&quot;, isApplyToDesiredCapabilities=true }"/>
         <property name="platform" value="Windows 10"/>
      </properties>
      <testcase name="Test Cases/Sample_TestCase" time="31.868" classname="Test Cases/Sample_TestCase" status="PASSED">
         <system-out><![CDATA[2021-12-29 20:48:26 - [TEST_CASE][PASSED] - Test Cases/Sample_TestCase: Test Cases/Sample_TestCase

2021-12-29 20:48:27 - [TEST_STEP][PASSED] - openBrowser(""): Browser is opened with url: ''

2021-12-29 20:48:27 - [MESSAGE][INFO] - Starting 'Chrome' driver

2021-12-29 20:48:27 - [MESSAGE][INFO] - Action delay is set to 0 milliseconds

2021-12-29 20:48:30 - [MESSAGE][PASSED] - Browser is opened with url: ''

2021-12-29 20:48:30 - [TEST_STEP][PASSED] - navigateToUrl("https://hfx-cadence.cs197.force.com/UnifiedSSO/CadenceApplicationLoginScreen?appcode=cos&langcode=en"): Navigate to 'https://hfx-cadence.cs197.force.com/UnifiedSSO/CadenceApplicationLoginScreen?appcode=cos&langcode=en' successfully

2021-12-29 20:48:35 - [MESSAGE][PASSED] - Navigate to 'https://hfx-cadence.cs197.force.com/UnifiedSSO/CadenceApplicationLoginScreen?appcode=cos&langcode=en' successfully

2021-12-29 20:48:35 - [TEST_STEP][PASSED] - setText(findTestObject("Object Repository/Sample_TestCase_OR/Page_Cadence Login/input_Academic users please contact_pgIdfrm_d5fe3a"), "auto_swhostiduser1.en@cssotest.com"): Text 'auto_swhostiduser1.en@cssotest.com' is set on object 'Object Repository/Sample_TestCase_OR/Page_Cadence Login/input_Academic users please contact_pgIdfrm_d5fe3a'

2021-12-29 20:48:37 - [MESSAGE][PASSED] - Text 'auto_swhostiduser1.en@cssotest.com' is set on object 'Object Repository/Sample_TestCase_OR/Page_Cadence Login/input_Academic users please contact_pgIdfrm_d5fe3a'

2021-12-29 20:48:37 - [TEST_STEP][PASSED] - setEncryptedText(findTestObject("Object Repository/Sample_TestCase_OR/Page_Cadence Login/input_Academic users please contact_pgIdfrm_44e477"), "NNnfzuesOJ+Y/ucBaoSabA=="): Text ****** has been set on object 'Object Repository/Sample_TestCase_OR/Page_Cadence Login/input_Academic users please contact_pgIdfrm_44e477'

2021-12-29 20:48:38 - [MESSAGE][PASSED] - Text ****** has been set on object 'Object Repository/Sample_TestCase_OR/Page_Cadence Login/input_Academic users please contact_pgIdfrm_44e477'

2021-12-29 20:48:38 - [TEST_STEP][PASSED] - click(findTestObject("Object Repository/Sample_TestCase_OR/Page_Cadence Login/input_Terms of Use_pgIdfrmIdj_id114")): Object: 'Object Repository/Sample_TestCase_OR/Page_Cadence Login/input_Terms of Use_pgIdfrmIdj_id114' is clicked on

2021-12-29 20:48:54 - [MESSAGE][PASSED] - Object: 'Object Repository/Sample_TestCase_OR/Page_Cadence Login/input_Terms of Use_pgIdfrmIdj_id114' is clicked on

2021-12-29 20:48:54 - [TEST_STEP][PASSED] - click(findTestObject("Object Repository/Sample_TestCase_OR/Page_Support Home/img_Account Validation Alert_img img-respon_9637b2")): Object: 'Object Repository/Sample_TestCase_OR/Page_Support Home/img_Account Validation Alert_img img-respon_9637b2' is clicked on

2021-12-29 20:48:56 - [MESSAGE][PASSED] - Object: 'Object Repository/Sample_TestCase_OR/Page_Support Home/img_Account Validation Alert_img img-respon_9637b2' is clicked on

2021-12-29 20:48:56 - [TEST_STEP][PASSED] - verifyElementVisible(findTestObject("Sample_TestCase_OR/Page_Support Home/div_My Account (1)")): Object 'Object Repository/Sample_TestCase_OR/Page_Support Home/div_My Account (1)' is visible

2021-12-29 20:48:57 - [MESSAGE][PASSED] - Object 'Object Repository/Sample_TestCase_OR/Page_Support Home/div_My Account (1)' is visible

2021-12-29 20:48:57 - [TEST_STEP][PASSED] - closeBrowser(): Browser is closed

2021-12-29 20:48:58 - [MESSAGE][PASSED] - Browser is closed]]></system-out>
         <system-err><![CDATA[]]></system-err>
      </testcase>
      <testcase name="Test Cases/Sample_TestCase_2" time="31.184" classname="Test Cases/Sample_TestCase_2" status="PASSED">
         <system-out><![CDATA[2021-12-29 20:48:58 - [TEST_CASE][PASSED] - Test Cases/Sample_TestCase_2: Test Cases/Sample_TestCase_2

2021-12-29 20:48:58 - [TEST_STEP][PASSED] - openBrowser("https://hfx-cadence.cs197.force.com/UnifiedSSO/CadenceApplicationLoginScreen?appcode=cos&langcode=en"): Browser is opened with url: 'https://hfx-cadence.cs197.force.com/UnifiedSSO/CadenceApplicationLoginScreen?appcode=cos&langcode=en'

2021-12-29 20:48:58 - [MESSAGE][INFO] - Starting 'Chrome' driver

2021-12-29 20:48:59 - [MESSAGE][INFO] - Action delay is set to 0 milliseconds

2021-12-29 20:49:05 - [MESSAGE][PASSED] - Browser is opened with url: 'https://hfx-cadence.cs197.force.com/UnifiedSSO/CadenceApplicationLoginScreen?appcode=cos&langcode=en'

2021-12-29 20:49:05 - [TEST_STEP][PASSED] - setText(findTestObject("Sample_TestCase_2_OR/Page_Cadence Login/input_Academic users please contact_pgIdfrmIdiptTxt"), "auto_swhostiduser1.en@cssotest.com"): Text 'auto_swhostiduser1.en@cssotest.com' is set on object 'Object Repository/Sample_TestCase_2_OR/Page_Cadence Login/input_Academic users please contact_pgIdfrmIdiptTxt'

2021-12-29 20:49:07 - [MESSAGE][PASSED] - Text 'auto_swhostiduser1.en@cssotest.com' is set on object 'Object Repository/Sample_TestCase_2_OR/Page_Cadence Login/input_Academic users please contact_pgIdfrmIdiptTxt'

2021-12-29 20:49:07 - [TEST_STEP][PASSED] - setText(findTestObject("Sample_TestCase_2_OR/Page_Cadence Login/input_Academic users please contact_pgIdfrmIdj_id107"), "Cadence123"): Text 'Cadence123' is set on object 'Object Repository/Sample_TestCase_2_OR/Page_Cadence Login/input_Academic users please contact_pgIdfrmIdj_id107'

2021-12-29 20:49:08 - [MESSAGE][PASSED] - Text 'Cadence123' is set on object 'Object Repository/Sample_TestCase_2_OR/Page_Cadence Login/input_Academic users please contact_pgIdfrmIdj_id107'

2021-12-29 20:49:08 - [TEST_STEP][PASSED] - click(findTestObject("Sample_TestCase_2_OR/Page_Cadence Login/input_Terms of Use_pgIdfrmIdj_id114")): Object: 'Object Repository/Sample_TestCase_2_OR/Page_Cadence Login/input_Terms of Use_pgIdfrmIdj_id114' is clicked on

2021-12-29 20:49:25 - [MESSAGE][PASSED] - Object: 'Object Repository/Sample_TestCase_2_OR/Page_Cadence Login/input_Terms of Use_pgIdfrmIdj_id114' is clicked on

2021-12-29 20:49:25 - [TEST_STEP][PASSED] - verifyElementVisible(findTestObject("Sample_TestCase_2_OR/Page_Support Home/img_Account Validation Alert_img img-responsive col-xs-3  nopadding")): Object 'Object Repository/Sample_TestCase_2_OR/Page_Support Home/img_Account Validation Alert_img img-responsive col-xs-3  nopadding' is visible

2021-12-29 20:49:27 - [MESSAGE][PASSED] - Object 'Object Repository/Sample_TestCase_2_OR/Page_Support Home/img_Account Validation Alert_img img-responsive col-xs-3  nopadding' is visible

2021-12-29 20:49:27 - [TEST_STEP][PASSED] - verifyElementVisible(findTestObject("Sample_TestCase_2_OR/Page_Support Home/div_AllAll ContentProduct ManualsArticles and AppNotesTraining CoursesCommunityCasesAll Content")): Object 'Object Repository/Sample_TestCase_2_OR/Page_Support Home/div_AllAll ContentProduct ManualsArticles and AppNotesTraining CoursesCommunityCasesAll Content' is visible

2021-12-29 20:49:28 - [MESSAGE][PASSED] - Object 'Object Repository/Sample_TestCase_2_OR/Page_Support Home/div_AllAll ContentProduct ManualsArticles and AppNotesTraining CoursesCommunityCasesAll Content' is visible

2021-12-29 20:49:28 - [TEST_STEP][PASSED] - verifyElementVisible(findTestObject("Sample_TestCase_2_OR/Page_Support Home/Searchbox")): Object 'Object Repository/Sample_TestCase_2_OR/Page_Support Home/Searchbox' is visible

2021-12-29 20:49:28 - [MESSAGE][PASSED] - Object 'Object Repository/Sample_TestCase_2_OR/Page_Support Home/Searchbox' is visible

2021-12-29 20:49:28 - [TEST_STEP][PASSED] - verifyElementVisible(findTestObject("Sample_TestCase_2_OR/Page_Support Home/svg_Search")): Object 'Object Repository/Sample_TestCase_2_OR/Page_Support Home/svg_Search' is visible

2021-12-29 20:49:28 - [MESSAGE][PASSED] - Object 'Object Repository/Sample_TestCase_2_OR/Page_Support Home/svg_Search' is visible

2021-12-29 20:49:29 - [TEST_STEP][PASSED] - closeBrowser(): Browser is closed

2021-12-29 20:49:29 - [MESSAGE][PASSED] - Browser is closed]]></system-out>
         <system-err><![CDATA[]]></system-err>
      </testcase>
      <system-out><![CDATA[2021-12-29 20:48:26 - [TEST_SUITE][PASSED] - Sample_TestSuite: Test Cases/Sample_TestCase_2]]></system-out>
      <system-err><![CDATA[]]></system-err>
   </testsuite>
</testsuites>
